[2020-10-23 09:41:20] -- [INFO ]: [com.steven.shorturldemo.ShorURLConvertorServiceTest] -- Starting ShorURLConvertorServiceTest on C02ZX2C6MD6R with PID 18225 (started by i078076 in /Users/i078076/workspace/shorturldemo)
[2020-10-23 09:41:20] -- [INFO ]: [com.steven.shorturldemo.ShorURLConvertorServiceTest] -- No active profile set, falling back to default profiles: default
[2020-10-23 09:42:31] -- [INFO ]: [com.steven.shorturldemo.ShorURLConvertorServiceTest] -- Starting ShorURLConvertorServiceTest on C02ZX2C6MD6R with PID 18338 (started by i078076 in /Users/i078076/workspace/shorturldemo)
[2020-10-23 09:42:31] -- [INFO ]: [com.steven.shorturldemo.ShorURLConvertorServiceTest] -- No active profile set, falling back to default profiles: default
[2020-10-23 09:49:56] -- [INFO ]: [com.steven.shorturldemo.ShorURLConvertorServiceTest] -- Starting ShorURLConvertorServiceTest on C02ZX2C6MD6R with PID 18402 (started by i078076 in /Users/i078076/workspace/shorturldemo)
[2020-10-23 09:49:56] -- [INFO ]: [com.steven.shorturldemo.ShorURLConvertorServiceTest] -- No active profile set, falling back to default profiles: default
[2020-10-23 09:50:39] -- [INFO ]: [com.steven.shorturldemo.ShorURLConvertorServiceTest] -- Starting ShorURLConvertorServiceTest on C02ZX2C6MD6R with PID 18424 (started by i078076 in /Users/i078076/workspace/shorturldemo)
[2020-10-23 09:50:39] -- [INFO ]: [com.steven.shorturldemo.ShorURLConvertorServiceTest] -- No active profile set, falling back to default profiles: default
[2020-10-23 09:53:36] -- [INFO ]: [com.steven.shorturldemo.ShorURLConvertorServiceTest] -- Starting ShorURLConvertorServiceTest on C02ZX2C6MD6R with PID 18443 (started by i078076 in /Users/i078076/workspace/shorturldemo)
[2020-10-23 09:53:36] -- [INFO ]: [com.steven.shorturldemo.ShorURLConvertorServiceTest] -- No active profile set, falling back to default profiles: default
[2020-10-23 09:55:40] -- [INFO ]: [com.steven.shorturldemo.ShorURLConvertorServiceTest] -- Starting ShorURLConvertorServiceTest on C02ZX2C6MD6R with PID 18485 (started by i078076 in /Users/i078076/workspace/shorturldemo)
[2020-10-23 09:55:40] -- [INFO ]: [com.steven.shorturldemo.ShorURLConvertorServiceTest] -- No active profile set, falling back to default profiles: default
[2020-10-23 09:56:02] -- [INFO ]: [com.steven.shorturldemo.ShorURLConvertorServiceTest] -- Starting ShorURLConvertorServiceTest on C02ZX2C6MD6R with PID 18491 (started by i078076 in /Users/i078076/workspace/shorturldemo)
[2020-10-23 09:56:02] -- [INFO ]: [com.steven.shorturldemo.ShorURLConvertorServiceTest] -- No active profile set, falling back to default profiles: default
[2020-10-23 09:57:49] -- [INFO ]: [com.steven.shorturldemo.ShorURLConvertorServiceTest] -- Starting ShorURLConvertorServiceTest on C02ZX2C6MD6R with PID 18500 (started by i078076 in /Users/i078076/workspace/shorturldemo)
[2020-10-23 09:57:49] -- [INFO ]: [com.steven.shorturldemo.ShorURLConvertorServiceTest] -- No active profile set, falling back to default profiles: default
[2020-10-23 10:00:58] -- [INFO ]: [com.steven.shorturldemo.ShorURLConvertorServiceTest] -- Starting ShorURLConvertorServiceTest on C02ZX2C6MD6R with PID 18532 (started by i078076 in /Users/i078076/workspace/shorturldemo)
[2020-10-23 10:00:58] -- [INFO ]: [com.steven.shorturldemo.ShorURLConvertorServiceTest] -- No active profile set, falling back to default profiles: default
[2020-10-23 10:01:17] -- [INFO ]: [com.steven.shorturldemo.ShorURLConvertorServiceTest] -- Starting ShorURLConvertorServiceTest on C02ZX2C6MD6R with PID 18542 (started by i078076 in /Users/i078076/workspace/shorturldemo)
[2020-10-23 10:01:17] -- [INFO ]: [com.steven.shorturldemo.ShorURLConvertorServiceTest] -- No active profile set, falling back to default profiles: default
[2020-10-23 10:05:38] -- [INFO ]: [com.steven.shorturldemo.ShorURLConvertorServiceTest] -- Starting ShorURLConvertorServiceTest on C02ZX2C6MD6R with PID 18576 (started by i078076 in /Users/i078076/workspace/shorturldemo)
[2020-10-23 10:05:38] -- [INFO ]: [com.steven.shorturldemo.ShorURLConvertorServiceTest] -- No active profile set, falling back to default profiles: default
[2020-10-23 10:10:53] -- [INFO ]: [com.steven.shorturldemo.ShorURLConvertorServiceTest] -- Starting ShorURLConvertorServiceTest on C02ZX2C6MD6R with PID 18630 (started by i078076 in /Users/i078076/workspace/shorturldemo)
[2020-10-23 10:10:53] -- [INFO ]: [com.steven.shorturldemo.ShorURLConvertorServiceTest] -- No active profile set, falling back to default profiles: default
[2020-10-23 10:11:26] -- [INFO ]: [com.steven.shorturldemo.ShorURLConvertorServiceTest] -- Starting ShorURLConvertorServiceTest on C02ZX2C6MD6R with PID 18638 (started by i078076 in /Users/i078076/workspace/shorturldemo)
[2020-10-23 10:11:26] -- [INFO ]: [com.steven.shorturldemo.ShorURLConvertorServiceTest] -- No active profile set, falling back to default profiles: default
[2020-10-23 10:11:27] -- [INFO ]: [com.steven.shorturldemo.ShorURLConvertorServiceTest] -- Started ShorURLConvertorServiceTest in 1.314 seconds (JVM running for 2.192)
[2020-10-23 10:14:21] -- [INFO ]: [com.steven.shorturldemo.ShorURLConvertorServiceTest] -- Starting ShorURLConvertorServiceTest on C02ZX2C6MD6R with PID 18674 (started by i078076 in /Users/i078076/workspace/shorturldemo)
[2020-10-23 10:14:21] -- [INFO ]: [com.steven.shorturldemo.ShorURLConvertorServiceTest] -- No active profile set, falling back to default profiles: default
[2020-10-23 10:14:22] -- [INFO ]: [com.steven.shorturldemo.ShorURLConvertorServiceTest] -- Started ShorURLConvertorServiceTest in 1.574 seconds (JVM running for 2.545)
[2020-10-23 10:14:22] -- [INFO ]: [com.steven.shorturldemo.ShorturldemoApplicationTests] -- Starting ShorturldemoApplicationTests on C02ZX2C6MD6R with PID 18674 (started by i078076 in /Users/i078076/workspace/shorturldemo)
[2020-10-23 10:14:22] -- [INFO ]: [com.steven.shorturldemo.ShorturldemoApplicationTests] -- No active profile set, falling back to default profiles: default
[2020-10-23 10:14:23] -- [INFO ]: [com.steven.shorturldemo.ShorturldemoApplicationTests] -- Started ShorturldemoApplicationTests in 0.51 seconds (JVM running for 3.256)
[2020-10-23 10:14:35] -- [INFO ]: [com.steven.shorturldemo.ShorURLConvertorServiceTest] -- Starting ShorURLConvertorServiceTest on C02ZX2C6MD6R with PID 18690 (started by i078076 in /Users/i078076/workspace/shorturldemo)
[2020-10-23 10:14:35] -- [INFO ]: [com.steven.shorturldemo.ShorURLConvertorServiceTest] -- No active profile set, falling back to default profiles: default
[2020-10-23 10:14:36] -- [INFO ]: [com.steven.shorturldemo.ShorURLConvertorServiceTest] -- Started ShorURLConvertorServiceTest in 1.397 seconds (JVM running for 2.329)
[2020-10-23 10:14:37] -- [INFO ]: [com.steven.shorturldemo.ShorturldemoApplicationTests] -- Starting ShorturldemoApplicationTests on C02ZX2C6MD6R with PID 18690 (started by i078076 in /Users/i078076/workspace/shorturldemo)
[2020-10-23 10:14:37] -- [INFO ]: [com.steven.shorturldemo.ShorturldemoApplicationTests] -- No active profile set, falling back to default profiles: default
[2020-10-23 10:14:37] -- [INFO ]: [com.steven.shorturldemo.ShorturldemoApplicationTests] -- Started ShorturldemoApplicationTests in 0.454 seconds (JVM running for 2.975)
[2020-10-23 10:14:48] -- [INFO ]: [com.steven.shorturldemo.ShorURLConvertorServiceTest] -- Starting ShorURLConvertorServiceTest on C02ZX2C6MD6R with PID 18692 (started by i078076 in /Users/i078076/workspace/shorturldemo)
[2020-10-23 10:14:48] -- [INFO ]: [com.steven.shorturldemo.ShorURLConvertorServiceTest] -- No active profile set, falling back to default profiles: default
[2020-10-23 10:14:49] -- [INFO ]: [com.steven.shorturldemo.ShorURLConvertorServiceTest] -- Started ShorURLConvertorServiceTest in 1.336 seconds (JVM running for 2.281)
[2020-10-23 10:32:57] -- [INFO ]: [com.steven.shorturldemo.ShorURLConvertorServiceTest] -- Starting ShorURLConvertorServiceTest on C02ZX2C6MD6R with PID 18844 (started by i078076 in /Users/i078076/workspace/shorturldemo)
[2020-10-23 10:32:57] -- [INFO ]: [com.steven.shorturldemo.ShorURLConvertorServiceTest] -- No active profile set, falling back to default profiles: default
[2020-10-23 10:32:58] -- [INFO ]: [com.steven.shorturldemo.ShorURLConvertorServiceTest] -- Started ShorURLConvertorServiceTest in 1.433 seconds (JVM running for 2.369)
[2020-10-23 10:33:42] -- [INFO ]: [com.steven.shorturldemo.ShorURLConvertorServiceTest] -- Starting ShorURLConvertorServiceTest on C02ZX2C6MD6R with PID 18852 (started by i078076 in /Users/i078076/workspace/shorturldemo)
[2020-10-23 10:33:42] -- [INFO ]: [com.steven.shorturldemo.ShorURLConvertorServiceTest] -- No active profile set, falling back to default profiles: default
[2020-10-23 10:33:43] -- [INFO ]: [com.steven.shorturldemo.ShorURLConvertorServiceTest] -- Started ShorURLConvertorServiceTest in 1.325 seconds (JVM running for 2.243)
[2020-10-23 10:33:51] -- [INFO ]: [com.steven.shorturldemo.ShorURLConvertorServiceTest] -- Starting ShorURLConvertorServiceTest on C02ZX2C6MD6R with PID 18863 (started by i078076 in /Users/i078076/workspace/shorturldemo)
[2020-10-23 10:33:51] -- [INFO ]: [com.steven.shorturldemo.ShorURLConvertorServiceTest] -- No active profile set, falling back to default profiles: default
[2020-10-23 10:33:53] -- [INFO ]: [com.steven.shorturldemo.ShorURLConvertorServiceTest] -- Started ShorURLConvertorServiceTest in 1.498 seconds (JVM running for 2.482)
[2020-10-23 10:39:27] -- [INFO ]: [com.steven.shorturldemo.ShorURLConvertorServiceTest] -- Starting ShorURLConvertorServiceTest on C02ZX2C6MD6R with PID 18946 (started by i078076 in /Users/i078076/workspace/shorturldemo)
[2020-10-23 10:39:27] -- [INFO ]: [com.steven.shorturldemo.ShorURLConvertorServiceTest] -- No active profile set, falling back to default profiles: default
[2020-10-23 10:39:28] -- [INFO ]: [com.steven.shorturldemo.ShorURLConvertorServiceTest] -- Started ShorURLConvertorServiceTest in 1.363 seconds (JVM running for 2.243)
[2020-10-23 10:42:20] -- [INFO ]: [com.steven.shorturldemo.ShorURLConvertorServiceTest] -- Starting ShorURLConvertorServiceTest on C02ZX2C6MD6R with PID 18982 (started by i078076 in /Users/i078076/workspace/shorturldemo)
[2020-10-23 10:42:20] -- [INFO ]: [com.steven.shorturldemo.ShorURLConvertorServiceTest] -- No active profile set, falling back to default profiles: default
[2020-10-23 10:42:21] -- [INFO ]: [com.steven.shorturldemo.ShorURLConvertorServiceTest] -- Started ShorURLConvertorServiceTest in 1.396 seconds (JVM running for 2.418)
[2020-10-23 10:43:29] -- [INFO ]: [com.steven.shorturldemo.ShorURLConvertorServiceTest] -- Starting ShorURLConvertorServiceTest on C02ZX2C6MD6R with PID 19098 (started by i078076 in /Users/i078076/workspace/shorturldemo)
[2020-10-23 10:43:29] -- [INFO ]: [com.steven.shorturldemo.ShorURLConvertorServiceTest] -- No active profile set, falling back to default profiles: default
[2020-10-23 10:43:30] -- [INFO ]: [com.steven.shorturldemo.ShorURLConvertorServiceTest] -- Started ShorURLConvertorServiceTest in 1.379 seconds (JVM running for 2.37)
[2020-10-23 10:44:22] -- [INFO ]: [com.steven.shorturldemo.ShorURLConvertorServiceTest] -- Starting ShorURLConvertorServiceTest on C02ZX2C6MD6R with PID 19119 (started by i078076 in /Users/i078076/workspace/shorturldemo)
[2020-10-23 10:44:22] -- [INFO ]: [com.steven.shorturldemo.ShorURLConvertorServiceTest] -- No active profile set, falling back to default profiles: default
[2020-10-23 10:44:23] -- [INFO ]: [com.steven.shorturldemo.ShorURLConvertorServiceTest] -- Started ShorURLConvertorServiceTest in 1.461 seconds (JVM running for 2.504)
[2020-10-23 10:46:27] -- [INFO ]: [com.steven.shorturldemo.ShorURLConvertorServiceTest] -- Starting ShorURLConvertorServiceTest on C02ZX2C6MD6R with PID 19165 (started by i078076 in /Users/i078076/workspace/shorturldemo)
[2020-10-23 10:46:27] -- [INFO ]: [com.steven.shorturldemo.ShorURLConvertorServiceTest] -- No active profile set, falling back to default profiles: default
[2020-10-23 10:46:28] -- [INFO ]: [com.steven.shorturldemo.ShorURLConvertorServiceTest] -- Started ShorURLConvertorServiceTest in 1.534 seconds (JVM running for 2.493)
[2020-10-23 10:48:37] -- [INFO ]: [com.steven.shorturldemo.ShorURLConvertorServiceTest] -- Starting ShorURLConvertorServiceTest on C02ZX2C6MD6R with PID 19185 (started by i078076 in /Users/i078076/workspace/shorturldemo)
[2020-10-23 10:48:37] -- [INFO ]: [com.steven.shorturldemo.ShorURLConvertorServiceTest] -- No active profile set, falling back to default profiles: default
[2020-10-23 10:48:38] -- [INFO ]: [com.steven.shorturldemo.ShorURLConvertorServiceTest] -- Started ShorURLConvertorServiceTest in 1.318 seconds (JVM running for 2.215)
[2020-10-23 10:49:05] -- [INFO ]: [com.steven.shorturldemo.ShorURLConvertorServiceTest] -- Starting ShorURLConvertorServiceTest on C02ZX2C6MD6R with PID 19196 (started by i078076 in /Users/i078076/workspace/shorturldemo)
[2020-10-23 10:49:05] -- [INFO ]: [com.steven.shorturldemo.ShorURLConvertorServiceTest] -- No active profile set, falling back to default profiles: default
[2020-10-23 10:49:22] -- [INFO ]: [com.steven.shorturldemo.ShorURLConvertorServiceTest] -- Started ShorURLConvertorServiceTest in 17.634 seconds (JVM running for 18.568)
[2020-10-23 10:54:55] -- [INFO ]: [com.steven.shorturldemo.ShorURLConvertorServiceTest] -- Starting ShorURLConvertorServiceTest on C02ZX2C6MD6R with PID 19264 (started by i078076 in /Users/i078076/workspace/shorturldemo)
[2020-10-23 10:54:55] -- [INFO ]: [com.steven.shorturldemo.ShorURLConvertorServiceTest] -- No active profile set, falling back to default profiles: default
[2020-10-23 10:54:56] -- [INFO ]: [com.steven.shorturldemo.ShorURLConvertorServiceTest] -- Started ShorURLConvertorServiceTest in 1.439 seconds (JVM running for 2.414)
[2020-10-23 11:02:13] -- [INFO ]: [com.steven.shorturldemo.ShorURLConvertorServiceTest] -- Starting ShorURLConvertorServiceTest on C02ZX2C6MD6R with PID 19316 (started by i078076 in /Users/i078076/workspace/shorturldemo)
[2020-10-23 11:02:13] -- [INFO ]: [com.steven.shorturldemo.ShorURLConvertorServiceTest] -- No active profile set, falling back to default profiles: default
[2020-10-23 11:02:14] -- [INFO ]: [com.steven.shorturldemo.ShorURLConvertorServiceTest] -- Started ShorURLConvertorServiceTest in 1.4 seconds (JVM running for 2.359)
[2020-10-23 11:21:15] -- [INFO ]: [com.steven.shorturldemo.ShorURLConvertorServiceTest] -- Starting ShorURLConvertorServiceTest on C02ZX2C6MD6R with PID 19459 (started by i078076 in /Users/i078076/workspace/shorturldemo)
[2020-10-23 11:21:15] -- [INFO ]: [com.steven.shorturldemo.ShorURLConvertorServiceTest] -- No active profile set, falling back to default profiles: default
[2020-10-23 11:21:16] -- [INFO ]: [com.steven.shorturldemo.ShorURLConvertorServiceTest] -- Started ShorURLConvertorServiceTest in 1.354 seconds (JVM running for 2.276)
[2020-10-23 11:22:02] -- [INFO ]: [com.steven.shorturldemo.ShorURLConvertorServiceTest] -- Starting ShorURLConvertorServiceTest on C02ZX2C6MD6R with PID 19479 (started by i078076 in /Users/i078076/workspace/shorturldemo)
[2020-10-23 11:22:02] -- [INFO ]: [com.steven.shorturldemo.ShorURLConvertorServiceTest] -- No active profile set, falling back to default profiles: default
[2020-10-23 11:22:03] -- [INFO ]: [com.steven.shorturldemo.ShorURLConvertorServiceTest] -- Started ShorURLConvertorServiceTest in 1.357 seconds (JVM running for 2.291)
[2020-10-23 11:22:12] -- [INFO ]: [com.steven.shorturldemo.ShorURLConvertorServiceTest] -- Starting ShorURLConvertorServiceTest on C02ZX2C6MD6R with PID 19488 (started by i078076 in /Users/i078076/workspace/shorturldemo)
[2020-10-23 11:22:12] -- [INFO ]: [com.steven.shorturldemo.ShorURLConvertorServiceTest] -- No active profile set, falling back to default profiles: default
[2020-10-23 11:22:13] -- [INFO ]: [com.steven.shorturldemo.ShorURLConvertorServiceTest] -- Started ShorURLConvertorServiceTest in 1.404 seconds (JVM running for 2.319)
[2020-10-23 11:22:27] -- [INFO ]: [com.steven.shorturldemo.ShorURLConvertorServiceTest] -- Starting ShorURLConvertorServiceTest on C02ZX2C6MD6R with PID 19494 (started by i078076 in /Users/i078076/workspace/shorturldemo)
[2020-10-23 11:22:27] -- [INFO ]: [com.steven.shorturldemo.ShorURLConvertorServiceTest] -- No active profile set, falling back to default profiles: default
[2020-10-23 11:22:28] -- [INFO ]: [com.steven.shorturldemo.ShorURLConvertorServiceTest] -- Started ShorURLConvertorServiceTest in 1.344 seconds (JVM running for 2.254)
[2020-10-23 11:22:56] -- [INFO ]: [com.steven.shorturldemo.ShorURLConvertorServiceTest] -- Starting ShorURLConvertorServiceTest on C02ZX2C6MD6R with PID 19502 (started by i078076 in /Users/i078076/workspace/shorturldemo)
[2020-10-23 11:22:56] -- [INFO ]: [com.steven.shorturldemo.ShorURLConvertorServiceTest] -- No active profile set, falling back to default profiles: default
[2020-10-23 11:22:57] -- [INFO ]: [com.steven.shorturldemo.ShorURLConvertorServiceTest] -- Started ShorURLConvertorServiceTest in 1.466 seconds (JVM running for 2.495)
[2020-10-23 11:25:58] -- [INFO ]: [com.steven.shorturldemo.ShorURLConvertorServiceTest] -- Starting ShorURLConvertorServiceTest on C02ZX2C6MD6R with PID 19561 (started by i078076 in /Users/i078076/workspace/shorturldemo)
[2020-10-23 11:25:58] -- [INFO ]: [com.steven.shorturldemo.ShorURLConvertorServiceTest] -- No active profile set, falling back to default profiles: default
[2020-10-23 11:25:59] -- [INFO ]: [com.steven.shorturldemo.ShorURLConvertorServiceTest] -- Started ShorURLConvertorServiceTest in 1.345 seconds (JVM running for 2.311)
[2020-10-23 11:26:41] -- [INFO ]: [com.steven.shorturldemo.ShorURLConvertorServiceTest] -- Starting ShorURLConvertorServiceTest on C02ZX2C6MD6R with PID 19750 (started by i078076 in /Users/i078076/workspace/shorturldemo)
[2020-10-23 11:26:41] -- [INFO ]: [com.steven.shorturldemo.ShorURLConvertorServiceTest] -- No active profile set, falling back to default profiles: default
[2020-10-23 11:26:42] -- [INFO ]: [com.steven.shorturldemo.ShorURLConvertorServiceTest] -- Started ShorURLConvertorServiceTest in 1.479 seconds (JVM running for 2.467)
[2020-10-23 12:41:46] -- [INFO ]: [com.steven.shorturldemo.ShorURLConvertorServiceTest] -- Starting ShorURLConvertorServiceTest on C02ZX2C6MD6R with PID 20785 (started by i078076 in /Users/i078076/workspace/shorturldemo)
[2020-10-23 12:41:46] -- [INFO ]: [com.steven.shorturldemo.ShorURLConvertorServiceTest] -- No active profile set, falling back to default profiles: default
[2020-10-23 12:41:47] -- [INFO ]: [com.steven.shorturldemo.ShorURLConvertorServiceTest] -- Started ShorURLConvertorServiceTest in 1.531 seconds (JVM running for 2.489)
[2020-10-23 13:04:40] -- [INFO ]: [com.steven.shorturldemo.ShorURLConvertorServiceTest] -- Starting ShorURLConvertorServiceTest on C02ZX2C6MD6R with PID 21117 (started by i078076 in /Users/i078076/workspace/shorturldemo)
[2020-10-23 13:04:40] -- [INFO ]: [com.steven.shorturldemo.ShorURLConvertorServiceTest] -- No active profile set, falling back to default profiles: default
[2020-10-23 13:04:41] -- [INFO ]: [com.steven.shorturldemo.ShorURLConvertorServiceTest] -- Started ShorURLConvertorServiceTest in 1.453 seconds (JVM running for 2.416)
[2020-10-23 16:10:03] -- [INFO ]: [com.steven.shorturldemo.ShorURLConvertorServiceTest] -- Starting ShorURLConvertorServiceTest on C02ZX2C6MD6R with PID 23137 (started by i078076 in /Users/i078076/workspace/shorturldemo)
[2020-10-23 16:10:03] -- [INFO ]: [com.steven.shorturldemo.ShorURLConvertorServiceTest] -- No active profile set, falling back to default profiles: default
[2020-10-23 16:10:04] -- [INFO ]: [com.steven.shorturldemo.ShorURLConvertorServiceTest] -- Started ShorURLConvertorServiceTest in 1.806 seconds (JVM running for 2.909)
[2020-10-23 16:12:05] -- [INFO ]: [com.steven.shorturldemo.ShorURLConvertorServiceTest] -- Starting ShorURLConvertorServiceTest on C02ZX2C6MD6R with PID 23169 (started by i078076 in /Users/i078076/workspace/shorturldemo)
[2020-10-23 16:12:05] -- [INFO ]: [com.steven.shorturldemo.ShorURLConvertorServiceTest] -- No active profile set, falling back to default profiles: default
[2020-10-23 16:12:06] -- [INFO ]: [com.steven.shorturldemo.ShorURLConvertorServiceTest] -- Started ShorURLConvertorServiceTest in 1.615 seconds (JVM running for 2.745)
[2020-10-23 16:20:15] -- [INFO ]: [com.steven.shorturldemo.ShorURLConvertorServiceTest] -- Starting ShorURLConvertorServiceTest on C02ZX2C6MD6R with PID 23346 (started by i078076 in /Users/i078076/workspace/shorturldemo)
[2020-10-23 16:20:15] -- [INFO ]: [com.steven.shorturldemo.ShorURLConvertorServiceTest] -- No active profile set, falling back to default profiles: default
[2020-10-23 16:20:17] -- [INFO ]: [com.steven.shorturldemo.ShorURLConvertorServiceTest] -- Started ShorURLConvertorServiceTest in 1.581 seconds (JVM running for 2.63)
[2020-10-23 16:31:06] -- [INFO ]: [com.steven.shorturldemo.ShorURLConvertorServiceTest] -- Starting ShorURLConvertorServiceTest on C02ZX2C6MD6R with PID 23444 (started by i078076 in /Users/i078076/workspace/shorturldemo)
[2020-10-23 16:31:06] -- [INFO ]: [com.steven.shorturldemo.ShorURLConvertorServiceTest] -- No active profile set, falling back to default profiles: default
[2020-10-23 16:31:07] -- [INFO ]: [com.steven.shorturldemo.ShorURLConvertorServiceTest] -- Started ShorURLConvertorServiceTest in 1.568 seconds (JVM running for 2.659)
[2020-10-23 16:32:00] -- [INFO ]: [com.steven.shorturldemo.ShorURLConvertorServiceTest] -- Starting ShorURLConvertorServiceTest on C02ZX2C6MD6R with PID 23453 (started by i078076 in /Users/i078076/workspace/shorturldemo)
[2020-10-23 16:32:00] -- [INFO ]: [com.steven.shorturldemo.ShorURLConvertorServiceTest] -- No active profile set, falling back to default profiles: default
[2020-10-23 16:32:01] -- [INFO ]: [com.steven.shorturldemo.ShorURLConvertorServiceTest] -- Started ShorURLConvertorServiceTest in 1.59 seconds (JVM running for 2.618)
[2020-10-23 18:07:32] -- [INFO ]: [com.steven.shorturldemo.ShorURLConvertorServiceTest] -- Starting ShorURLConvertorServiceTest on C02ZX2C6MD6R with PID 24635 (started by i078076 in /Users/i078076/workspace/shorturldemo)
[2020-10-23 18:07:32] -- [INFO ]: [com.steven.shorturldemo.ShorURLConvertorServiceTest] -- No active profile set, falling back to default profiles: default
[2020-10-23 18:07:33] -- [INFO ]: [com.steven.shorturldemo.ShorURLConvertorServiceTest] -- Started ShorURLConvertorServiceTest in 1.589 seconds (JVM running for 2.573)
[2020-10-23 18:09:36] -- [INFO ]: [com.steven.shorturldemo.ShorURLConvertorServiceTest] -- Starting ShorURLConvertorServiceTest on C02ZX2C6MD6R with PID 24657 (started by i078076 in /Users/i078076/workspace/shorturldemo)
[2020-10-23 18:09:36] -- [INFO ]: [com.steven.shorturldemo.ShorURLConvertorServiceTest] -- No active profile set, falling back to default profiles: default
[2020-10-23 18:09:37] -- [INFO ]: [com.steven.shorturldemo.ShorURLConvertorServiceTest] -- Started ShorURLConvertorServiceTest in 1.375 seconds (JVM running for 2.325)
[2020-10-23 18:09:45] -- [INFO ]: [com.steven.shorturldemo.ShorURLConvertorServiceTest] -- Starting ShorURLConvertorServiceTest on C02ZX2C6MD6R with PID 24663 (started by i078076 in /Users/i078076/workspace/shorturldemo)
[2020-10-23 18:09:45] -- [INFO ]: [com.steven.shorturldemo.ShorURLConvertorServiceTest] -- No active profile set, falling back to default profiles: default
[2020-10-23 18:09:46] -- [INFO ]: [com.steven.shorturldemo.ShorURLConvertorServiceTest] -- Started ShorURLConvertorServiceTest in 1.457 seconds (JVM running for 2.523)
[2020-10-23 18:10:16] -- [INFO ]: [com.steven.shorturldemo.ShorURLConvertorServiceTest] -- Starting ShorURLConvertorServiceTest on C02ZX2C6MD6R with PID 24681 (started by i078076 in /Users/i078076/workspace/shorturldemo)
[2020-10-23 18:10:16] -- [INFO ]: [com.steven.shorturldemo.ShorURLConvertorServiceTest] -- No active profile set, falling back to default profiles: default
[2020-10-23 18:10:17] -- [INFO ]: [com.steven.shorturldemo.ShorURLConvertorServiceTest] -- Started ShorURLConvertorServiceTest in 1.424 seconds (JVM running for 2.404)
[2020-10-23 18:17:39] -- [INFO ]: [com.steven.shorturldemo.ShorURLConvertorServiceTest] -- Starting ShorURLConvertorServiceTest on C02ZX2C6MD6R with PID 24880 (started by i078076 in /Users/i078076/workspace/shorturldemo)
[2020-10-23 18:17:39] -- [INFO ]: [com.steven.shorturldemo.ShorURLConvertorServiceTest] -- No active profile set, falling back to default profiles: default
[2020-10-23 18:17:40] -- [INFO ]: [com.steven.shorturldemo.ShorURLConvertorServiceTest] -- Started ShorURLConvertorServiceTest in 1.618 seconds (JVM running for 2.725)
[2020-10-23 18:18:11] -- [INFO ]: [com.steven.shorturldemo.ShorURLConvertorServiceTest] -- Starting ShorURLConvertorServiceTest on C02ZX2C6MD6R with PID 24886 (started by i078076 in /Users/i078076/workspace/shorturldemo)
[2020-10-23 18:18:11] -- [INFO ]: [com.steven.shorturldemo.ShorURLConvertorServiceTest] -- No active profile set, falling back to default profiles: default
[2020-10-23 18:20:03] -- [INFO ]: [com.steven.shorturldemo.ShorURLConvertorServiceTest] -- Starting ShorURLConvertorServiceTest on C02ZX2C6MD6R with PID 24940 (started by i078076 in /Users/i078076/workspace/shorturldemo)
[2020-10-23 18:20:03] -- [INFO ]: [com.steven.shorturldemo.ShorURLConvertorServiceTest] -- No active profile set, falling back to default profiles: default
[2020-10-23 18:20:17] -- [INFO ]: [com.steven.shorturldemo.ShorURLConvertorServiceTest] -- Starting ShorURLConvertorServiceTest on C02ZX2C6MD6R with PID 24948 (started by i078076 in /Users/i078076/workspace/shorturldemo)
[2020-10-23 18:20:17] -- [INFO ]: [com.steven.shorturldemo.ShorURLConvertorServiceTest] -- No active profile set, falling back to default profiles: default
[2020-10-23 18:20:52] -- [INFO ]: [com.steven.shorturldemo.ShorURLConvertorServiceTest] -- Starting ShorURLConvertorServiceTest on C02ZX2C6MD6R with PID 24957 (started by i078076 in /Users/i078076/workspace/shorturldemo)
[2020-10-23 18:20:52] -- [INFO ]: [com.steven.shorturldemo.ShorURLConvertorServiceTest] -- No active profile set, falling back to default profiles: default
[2020-10-23 18:24:07] -- [INFO ]: [com.steven.shorturldemo.ShorURLConvertorServiceTest] -- Starting ShorURLConvertorServiceTest on C02ZX2C6MD6R with PID 24982 (started by i078076 in /Users/i078076/workspace/shorturldemo)
[2020-10-23 18:24:07] -- [INFO ]: [com.steven.shorturldemo.ShorURLConvertorServiceTest] -- No active profile set, falling back to default profiles: default
[2020-10-23 18:25:59] -- [INFO ]: [com.steven.shorturldemo.ShorURLConvertorServiceTest] -- Starting ShorURLConvertorServiceTest on C02ZX2C6MD6R with PID 25120 (started by i078076 in /Users/i078076/workspace/shorturldemo)
[2020-10-23 18:25:59] -- [INFO ]: [com.steven.shorturldemo.ShorURLConvertorServiceTest] -- No active profile set, falling back to default profiles: default
[2020-10-23 18:27:59] -- [INFO ]: [com.steven.shorturldemo.ShorURLConvertorServiceTest] -- Starting ShorURLConvertorServiceTest on C02ZX2C6MD6R with PID 25144 (started by i078076 in /Users/i078076/workspace/shorturldemo)
[2020-10-23 18:27:59] -- [INFO ]: [com.steven.shorturldemo.ShorURLConvertorServiceTest] -- No active profile set, falling back to default profiles: default
[2020-10-23 18:28:34] -- [INFO ]: [com.steven.shorturldemo.ShorURLConvertorServiceTest] -- Starting ShorURLConvertorServiceTest on C02ZX2C6MD6R with PID 25155 (started by i078076 in /Users/i078076/workspace/shorturldemo)
[2020-10-23 18:28:34] -- [INFO ]: [com.steven.shorturldemo.ShorURLConvertorServiceTest] -- No active profile set, falling back to default profiles: default
[2020-10-23 18:28:37] -- [INFO ]: [com.steven.shorturldemo.ShorURLConvertorServiceTest] -- Starting ShorURLConvertorServiceTest on C02ZX2C6MD6R with PID 25156 (started by i078076 in /Users/i078076/workspace/shorturldemo)
[2020-10-23 18:28:37] -- [INFO ]: [com.steven.shorturldemo.ShorURLConvertorServiceTest] -- No active profile set, falling back to default profiles: default
[2020-10-23 18:39:23] -- [INFO ]: [com.steven.shorturldemo.ShorturldemoApplicationTests] -- Starting ShorturldemoApplicationTests on C02ZX2C6MD6R with PID 25280 (started by i078076 in /Users/i078076/workspace/shorturldemo)
[2020-10-23 18:39:23] -- [INFO ]: [com.steven.shorturldemo.ShorturldemoApplicationTests] -- No active profile set, falling back to default profiles: default
[2020-10-23 18:39:54] -- [INFO ]: [com.steven.shorturldemo.ShorturldemoApplicationTests] -- Starting ShorturldemoApplicationTests on C02ZX2C6MD6R with PID 25294 (started by i078076 in /Users/i078076/workspace/shorturldemo)
[2020-10-23 18:39:54] -- [INFO ]: [com.steven.shorturldemo.ShorturldemoApplicationTests] -- No active profile set, falling back to default profiles: default
[2020-10-23 18:41:05] -- [INFO ]: [com.steven.shorturldemo.ShorturldemoApplicationTests] -- Starting ShorturldemoApplicationTests on C02ZX2C6MD6R with PID 25315 (started by i078076 in /Users/i078076/workspace/shorturldemo)
[2020-10-23 18:41:05] -- [INFO ]: [com.steven.shorturldemo.ShorturldemoApplicationTests] -- No active profile set, falling back to default profiles: default
[2020-10-23 18:43:05] -- [INFO ]: [com.steven.shorturldemo.ShorturldemoApplicationTests] -- Starting ShorturldemoApplicationTests on C02ZX2C6MD6R with PID 25331 (started by i078076 in /Users/i078076/workspace/shorturldemo)
[2020-10-23 18:43:05] -- [INFO ]: [com.steven.shorturldemo.ShorturldemoApplicationTests] -- No active profile set, falling back to default profiles: default
[2020-10-23 18:43:06] -- [INFO ]: [com.steven.shorturldemo.ShorturldemoApplicationTests] -- Started ShorturldemoApplicationTests in 1.508 seconds (JVM running for 2.461)
[2020-10-23 18:45:30] -- [INFO ]: [com.steven.shorturldemo.ShorURLConvertorServiceTest] -- Starting ShorURLConvertorServiceTest on C02ZX2C6MD6R with PID 25384 (started by i078076 in /Users/i078076/workspace/shorturldemo)
[2020-10-23 18:45:30] -- [INFO ]: [com.steven.shorturldemo.ShorURLConvertorServiceTest] -- No active profile set, falling back to default profiles: default
[2020-10-23 18:45:37] -- [INFO ]: [com.steven.shorturldemo.ShorURLConvertorServiceTest] -- Started ShorURLConvertorServiceTest in 7.648 seconds (JVM running for 8.706)
[2020-10-23 18:46:15] -- [INFO ]: [com.steven.shorturldemo.ShorURLConvertorServiceTest] -- Starting ShorURLConvertorServiceTest on C02ZX2C6MD6R with PID 25403 (started by i078076 in /Users/i078076/workspace/shorturldemo)
[2020-10-23 18:46:15] -- [INFO ]: [com.steven.shorturldemo.ShorURLConvertorServiceTest] -- No active profile set, falling back to default profiles: default
[2020-10-23 18:46:17] -- [INFO ]: [com.steven.shorturldemo.ShorURLConvertorServiceTest] -- Started ShorURLConvertorServiceTest in 1.846 seconds (JVM running for 2.885)
[2020-10-23 18:48:17] -- [INFO ]: [com.steven.shorturldemo.ShorURLConvertorServiceTest] -- Starting ShorURLConvertorServiceTest on C02ZX2C6MD6R with PID 25422 (started by i078076 in /Users/i078076/workspace/shorturldemo)
[2020-10-23 18:48:17] -- [INFO ]: [com.steven.shorturldemo.ShorURLConvertorServiceTest] -- No active profile set, falling back to default profiles: default
[2020-10-23 18:48:19] -- [INFO ]: [com.steven.shorturldemo.ShorURLConvertorServiceTest] -- Started ShorURLConvertorServiceTest in 1.793 seconds (JVM running for 2.823)
[2020-10-23 18:51:20] -- [INFO ]: [com.steven.shorturldemo.ShorURLConvertorServiceTest] -- Starting ShorURLConvertorServiceTest on C02ZX2C6MD6R with PID 25446 (started by i078076 in /Users/i078076/workspace/shorturldemo)
[2020-10-23 18:51:20] -- [INFO ]: [com.steven.shorturldemo.ShorURLConvertorServiceTest] -- No active profile set, falling back to default profiles: default
[2020-10-23 18:51:22] -- [INFO ]: [com.steven.shorturldemo.ShorURLConvertorServiceTest] -- Started ShorURLConvertorServiceTest in 1.781 seconds (JVM running for 2.771)
[2020-10-23 18:53:31] -- [INFO ]: [com.steven.shorturldemo.ShorURLConvertorServiceTest] -- Starting ShorURLConvertorServiceTest on C02ZX2C6MD6R with PID 25464 (started by i078076 in /Users/i078076/workspace/shorturldemo)
[2020-10-23 18:53:31] -- [INFO ]: [com.steven.shorturldemo.ShorURLConvertorServiceTest] -- No active profile set, falling back to default profiles: default
[2020-10-23 18:53:32] -- [INFO ]: [com.steven.shorturldemo.ShorURLConvertorServiceTest] -- Started ShorURLConvertorServiceTest in 1.774 seconds (JVM running for 2.716)
[2020-10-23 18:54:03] -- [INFO ]: [com.steven.shorturldemo.ShorURLConvertorServiceTest] -- Starting ShorURLConvertorServiceTest on C02ZX2C6MD6R with PID 25472 (started by i078076 in /Users/i078076/workspace/shorturldemo)
[2020-10-23 18:54:03] -- [INFO ]: [com.steven.shorturldemo.ShorURLConvertorServiceTest] -- No active profile set, falling back to default profiles: default
[2020-10-23 18:54:04] -- [INFO ]: [com.steven.shorturldemo.ShorURLConvertorServiceTest] -- Started ShorURLConvertorServiceTest in 1.841 seconds (JVM running for 2.805)
[2020-10-23 18:54:33] -- [INFO ]: [com.steven.shorturldemo.ShorURLConvertorServiceTest] -- Starting ShorURLConvertorServiceTest on C02ZX2C6MD6R with PID 25478 (started by i078076 in /Users/i078076/workspace/shorturldemo)
[2020-10-23 18:54:33] -- [INFO ]: [com.steven.shorturldemo.ShorURLConvertorServiceTest] -- No active profile set, falling back to default profiles: default
[2020-10-23 18:54:36] -- [INFO ]: [com.steven.shorturldemo.ShorURLConvertorServiceTest] -- Started ShorURLConvertorServiceTest in 2.595 seconds (JVM running for 4.098)
[2020-10-23 19:07:06] -- [INFO ]: [com.steven.shorturldemo.ShorURLConvertorServiceTest] -- Starting ShorURLConvertorServiceTest on C02ZX2C6MD6R with PID 25585 (started by i078076 in /Users/i078076/workspace/shorturldemo)
[2020-10-23 19:07:06] -- [INFO ]: [com.steven.shorturldemo.ShorURLConvertorServiceTest] -- No active profile set, falling back to default profiles: default
[2020-10-23 19:07:08] -- [INFO ]: [com.steven.shorturldemo.ShorURLConvertorServiceTest] -- Started ShorURLConvertorServiceTest in 1.81 seconds (JVM running for 2.803)
[2020-10-23 19:08:05] -- [INFO ]: [com.steven.shorturldemo.ShorURLConvertorServiceTest] -- Starting ShorURLConvertorServiceTest on C02ZX2C6MD6R with PID 25605 (started by i078076 in /Users/i078076/workspace/shorturldemo)
[2020-10-23 19:08:05] -- [INFO ]: [com.steven.shorturldemo.ShorURLConvertorServiceTest] -- No active profile set, falling back to default profiles: default
[2020-10-23 19:08:07] -- [INFO ]: [com.steven.shorturldemo.ShorURLConvertorServiceTest] -- Started ShorURLConvertorServiceTest in 1.882 seconds (JVM running for 3.029)
[2020-10-23 19:08:46] -- [INFO ]: [com.steven.shorturldemo.ShorURLConvertorServiceTest] -- Starting ShorURLConvertorServiceTest on C02ZX2C6MD6R with PID 25613 (started by i078076 in /Users/i078076/workspace/shorturldemo)
[2020-10-23 19:08:46] -- [INFO ]: [com.steven.shorturldemo.ShorURLConvertorServiceTest] -- No active profile set, falling back to default profiles: default
[2020-10-23 19:08:48] -- [INFO ]: [com.steven.shorturldemo.ShorURLConvertorServiceTest] -- Started ShorURLConvertorServiceTest in 1.827 seconds (JVM running for 2.798)
[2020-10-23 19:09:04] -- [INFO ]: [com.steven.shorturldemo.ShorURLConvertorServiceTest] -- Starting ShorURLConvertorServiceTest on C02ZX2C6MD6R with PID 25615 (started by i078076 in /Users/i078076/workspace/shorturldemo)
[2020-10-23 19:09:04] -- [INFO ]: [com.steven.shorturldemo.ShorURLConvertorServiceTest] -- No active profile set, falling back to default profiles: default
[2020-10-23 19:09:06] -- [INFO ]: [com.steven.shorturldemo.ShorURLConvertorServiceTest] -- Started ShorURLConvertorServiceTest in 1.879 seconds (JVM running for 2.968)
[2020-10-23 19:10:46] -- [INFO ]: [com.steven.shorturldemo.ShorURLConvertorServiceTest] -- Starting ShorURLConvertorServiceTest on C02ZX2C6MD6R with PID 25635 (started by i078076 in /Users/i078076/workspace/shorturldemo)
[2020-10-23 19:10:46] -- [INFO ]: [com.steven.shorturldemo.ShorURLConvertorServiceTest] -- No active profile set, falling back to default profiles: default
[2020-10-23 19:10:48] -- [INFO ]: [com.steven.shorturldemo.ShorURLConvertorServiceTest] -- Started ShorURLConvertorServiceTest in 1.886 seconds (JVM running for 2.895)
[2020-10-23 19:11:39] -- [INFO ]: [com.steven.shorturldemo.ShorURLConvertorServiceTest] -- Starting ShorURLConvertorServiceTest on C02ZX2C6MD6R with PID 25651 (started by i078076 in /Users/i078076/workspace/shorturldemo)
[2020-10-23 19:11:39] -- [INFO ]: [com.steven.shorturldemo.ShorURLConvertorServiceTest] -- No active profile set, falling back to default profiles: default
[2020-10-23 19:11:40] -- [INFO ]: [com.steven.shorturldemo.ShorURLConvertorServiceTest] -- Started ShorURLConvertorServiceTest in 1.777 seconds (JVM running for 2.824)
[2020-10-23 19:12:44] -- [INFO ]: [com.steven.shorturldemo.ShorURLConvertorServiceTest] -- Starting ShorURLConvertorServiceTest on C02ZX2C6MD6R with PID 25658 (started by i078076 in /Users/i078076/workspace/shorturldemo)
[2020-10-23 19:12:44] -- [INFO ]: [com.steven.shorturldemo.ShorURLConvertorServiceTest] -- No active profile set, falling back to default profiles: default
[2020-10-23 19:12:45] -- [INFO ]: [com.steven.shorturldemo.ShorURLConvertorServiceTest] -- Started ShorURLConvertorServiceTest in 1.773 seconds (JVM running for 2.762)
[2020-10-23 19:15:25] -- [INFO ]: [com.steven.shorturldemo.ShorURLConvertorServiceTest] -- Starting ShorURLConvertorServiceTest on C02ZX2C6MD6R with PID 25745 (started by i078076 in /Users/i078076/workspace/shorturldemo)
[2020-10-23 19:15:25] -- [INFO ]: [com.steven.shorturldemo.ShorURLConvertorServiceTest] -- No active profile set, falling back to default profiles: default
[2020-10-23 19:15:26] -- [INFO ]: [com.steven.shorturldemo.ShorURLConvertorServiceTest] -- Started ShorURLConvertorServiceTest in 1.937 seconds (JVM running for 2.947)
[2020-10-23 19:15:44] -- [INFO ]: [com.steven.shorturldemo.ShorURLConvertorServiceTest] -- Starting ShorURLConvertorServiceTest on C02ZX2C6MD6R with PID 25749 (started by i078076 in /Users/i078076/workspace/shorturldemo)
[2020-10-23 19:15:44] -- [INFO ]: [com.steven.shorturldemo.ShorURLConvertorServiceTest] -- No active profile set, falling back to default profiles: default
[2020-10-23 19:15:46] -- [INFO ]: [com.steven.shorturldemo.ShorURLConvertorServiceTest] -- Started ShorURLConvertorServiceTest in 1.829 seconds (JVM running for 2.936)
[2020-10-23 19:18:27] -- [INFO ]: [com.steven.shorturldemo.ShorURLConvertorServiceTest] -- Starting ShorURLConvertorServiceTest on C02ZX2C6MD6R with PID 25777 (started by i078076 in /Users/i078076/workspace/shorturldemo)
[2020-10-23 19:18:27] -- [INFO ]: [com.steven.shorturldemo.ShorURLConvertorServiceTest] -- No active profile set, falling back to default profiles: default
[2020-10-23 19:18:29] -- [INFO ]: [com.steven.shorturldemo.ShorURLConvertorServiceTest] -- Started ShorURLConvertorServiceTest in 1.834 seconds (JVM running for 2.841)
[2020-10-23 20:22:35] -- [INFO ]: [com.steven.shorturldemo.ShorturldemoApplicationTests] -- Starting ShorturldemoApplicationTests on C02ZX2C6MD6R with PID 26503 (started by i078076 in /Users/i078076/workspace/shorturldemo)
[2020-10-23 20:22:35] -- [INFO ]: [com.steven.shorturldemo.ShorturldemoApplicationTests] -- No active profile set, falling back to default profiles: default
[2020-10-23 20:22:36] -- [INFO ]: [com.steven.shorturldemo.ShorturldemoApplicationTests] -- Started ShorturldemoApplicationTests in 1.52 seconds (JVM running for 2.578)
[2020-10-23 20:22:36] -- [INFO ]: [com.steven.shorturldemo.ShorURLConvertorServiceTest] -- Starting ShorURLConvertorServiceTest on C02ZX2C6MD6R with PID 26503 (started by i078076 in /Users/i078076/workspace/shorturldemo)
[2020-10-23 20:22:36] -- [INFO ]: [com.steven.shorturldemo.ShorURLConvertorServiceTest] -- No active profile set, falling back to default profiles: default
[2020-10-23 20:22:37] -- [INFO ]: [com.steven.shorturldemo.ShorURLConvertorServiceTest] -- Started ShorURLConvertorServiceTest in 0.635 seconds (JVM running for 3.439)
[2020-10-23 20:22:47] -- [INFO ]: [com.steven.shorturldemo.ShorturldemoApplication] -- Starting ShorturldemoApplication on C02ZX2C6MD6R with PID 26516 (/Users/i078076/workspace/shorturldemo/build/classes/java/main started by i078076 in /Users/i078076/workspace/shorturldemo)
[2020-10-23 20:22:47] -- [INFO ]: [com.steven.shorturldemo.ShorturldemoApplication] -- No active profile set, falling back to default profiles: default
[2020-10-23 20:22:48] -- [INFO ]: [org.apache.coyote.http11.Http11NioProtocol] -- Initializing ProtocolHandler ["http-nio-8080"]
[2020-10-23 20:22:48] -- [INFO ]: [org.apache.catalina.core.StandardService] -- Starting service [Tomcat]
[2020-10-23 20:22:48] -- [INFO ]: [org.apache.catalina.core.StandardEngine] -- Starting Servlet engine: [Apache Tomcat/9.0.38]
[2020-10-23 20:22:48] -- [INFO ]: [org.apache.catalina.core.ContainerBase.[Tomcat].[localhost].[/]] -- Initializing Spring embedded WebApplicationContext
[2020-10-23 20:22:48] -- [INFO ]: [org.apache.coyote.http11.Http11NioProtocol] -- Starting ProtocolHandler ["http-nio-8080"]
[2020-10-23 20:22:48] -- [INFO ]: [org.apache.coyote.http11.Http11NioProtocol] -- Pausing ProtocolHandler ["http-nio-8080"]
[2020-10-23 20:22:48] -- [INFO ]: [org.apache.catalina.core.StandardService] -- Stopping service [Tomcat]
[2020-10-23 20:22:48] -- [INFO ]: [org.apache.coyote.http11.Http11NioProtocol] -- Stopping ProtocolHandler ["http-nio-8080"]
[2020-10-23 20:22:48] -- [INFO ]: [org.apache.coyote.http11.Http11NioProtocol] -- Destroying ProtocolHandler ["http-nio-8080"]
[2020-10-23 20:23:25] -- [INFO ]: [com.steven.shorturldemo.ShorturldemoApplication] -- Starting ShorturldemoApplication on C02ZX2C6MD6R with PID 26519 (/Users/i078076/workspace/shorturldemo/build/classes/java/main started by i078076 in /Users/i078076/workspace/shorturldemo)
[2020-10-23 20:23:25] -- [INFO ]: [com.steven.shorturldemo.ShorturldemoApplication] -- No active profile set, falling back to default profiles: default
[2020-10-23 20:23:26] -- [INFO ]: [org.apache.coyote.http11.Http11NioProtocol] -- Initializing ProtocolHandler ["http-nio-8080"]
[2020-10-23 20:23:26] -- [INFO ]: [org.apache.catalina.core.StandardService] -- Starting service [Tomcat]
[2020-10-23 20:23:26] -- [INFO ]: [org.apache.catalina.core.StandardEngine] -- Starting Servlet engine: [Apache Tomcat/9.0.38]
[2020-10-23 20:23:26] -- [INFO ]: [org.apache.catalina.core.ContainerBase.[Tomcat].[localhost].[/]] -- Initializing Spring embedded WebApplicationContext
[2020-10-23 20:23:26] -- [INFO ]: [org.apache.coyote.http11.Http11NioProtocol] -- Starting ProtocolHandler ["http-nio-8080"]
[2020-10-23 20:23:26] -- [INFO ]: [org.apache.coyote.http11.Http11NioProtocol] -- Pausing ProtocolHandler ["http-nio-8080"]
[2020-10-23 20:23:26] -- [INFO ]: [org.apache.catalina.core.StandardService] -- Stopping service [Tomcat]
[2020-10-23 20:23:26] -- [INFO ]: [org.apache.coyote.http11.Http11NioProtocol] -- Stopping ProtocolHandler ["http-nio-8080"]
[2020-10-23 20:23:26] -- [INFO ]: [org.apache.coyote.http11.Http11NioProtocol] -- Destroying ProtocolHandler ["http-nio-8080"]
[2020-10-23 20:24:15] -- [INFO ]: [com.steven.shorturldemo.ShorturldemoApplication] -- Starting ShorturldemoApplication on C02ZX2C6MD6R with PID 26536 (/Users/i078076/workspace/shorturldemo/build/classes/java/main started by i078076 in /Users/i078076/workspace/shorturldemo)
[2020-10-23 20:24:15] -- [INFO ]: [com.steven.shorturldemo.ShorturldemoApplication] -- No active profile set, falling back to default profiles: default
[2020-10-23 20:24:16] -- [INFO ]: [org.apache.coyote.http11.Http11NioProtocol] -- Initializing ProtocolHandler ["http-nio-8080"]
[2020-10-23 20:24:16] -- [INFO ]: [org.apache.catalina.core.StandardService] -- Starting service [Tomcat]
[2020-10-23 20:24:16] -- [INFO ]: [org.apache.catalina.core.StandardEngine] -- Starting Servlet engine: [Apache Tomcat/9.0.38]
[2020-10-23 20:24:16] -- [INFO ]: [org.apache.catalina.core.ContainerBase.[Tomcat].[localhost].[/]] -- Initializing Spring embedded WebApplicationContext
[2020-10-23 20:24:16] -- [INFO ]: [org.apache.coyote.http11.Http11NioProtocol] -- Starting ProtocolHandler ["http-nio-8080"]
[2020-10-23 20:24:16] -- [INFO ]: [com.steven.shorturldemo.ShorturldemoApplication] -- Started ShorturldemoApplication in 1.163 seconds (JVM running for 1.47)
[2020-10-23 20:24:24] -- [INFO ]: [org.apache.catalina.core.ContainerBase.[Tomcat].[localhost].[/]] -- Initializing Spring DispatcherServlet 'dispatcherServlet'
[2020-10-23 20:29:47] -- [INFO ]: [com.steven.shorturldemo.ShorturldemoApplication] -- Starting ShorturldemoApplication on C02ZX2C6MD6R with PID 26628 (/Users/i078076/workspace/shorturldemo/build/classes/java/main started by i078076 in /Users/i078076/workspace/shorturldemo)
[2020-10-23 20:29:47] -- [INFO ]: [com.steven.shorturldemo.ShorturldemoApplication] -- No active profile set, falling back to default profiles: default
[2020-10-23 20:29:48] -- [INFO ]: [org.apache.coyote.http11.Http11NioProtocol] -- Initializing ProtocolHandler ["http-nio-8080"]
[2020-10-23 20:29:48] -- [INFO ]: [org.apache.catalina.core.StandardService] -- Starting service [Tomcat]
[2020-10-23 20:29:48] -- [INFO ]: [org.apache.catalina.core.StandardEngine] -- Starting Servlet engine: [Apache Tomcat/9.0.38]
[2020-10-23 20:29:48] -- [INFO ]: [org.apache.catalina.core.ContainerBase.[Tomcat].[localhost].[/]] -- Initializing Spring embedded WebApplicationContext
[2020-10-23 20:29:48] -- [INFO ]: [org.apache.coyote.http11.Http11NioProtocol] -- Starting ProtocolHandler ["http-nio-8080"]
[2020-10-23 20:29:48] -- [INFO ]: [com.steven.shorturldemo.ShorturldemoApplication] -- Started ShorturldemoApplication in 1.165 seconds (JVM running for 1.482)
[2020-10-23 20:30:02] -- [INFO ]: [org.apache.catalina.core.ContainerBase.[Tomcat].[localhost].[/]] -- Initializing Spring DispatcherServlet 'dispatcherServlet'
[2020-10-23 20:33:03] -- [INFO ]: [com.steven.shorturldemo.ShorturldemoApplicationTests] -- Starting ShorturldemoApplicationTests on C02ZX2C6MD6R with PID 26785 (started by i078076 in /Users/i078076/workspace/shorturldemo)
[2020-10-23 20:33:03] -- [INFO ]: [com.steven.shorturldemo.ShorturldemoApplicationTests] -- No active profile set, falling back to default profiles: default
[2020-10-23 20:33:04] -- [INFO ]: [com.steven.shorturldemo.ShorturldemoApplicationTests] -- Started ShorturldemoApplicationTests in 1.473 seconds (JVM running for 2.461)
[2020-10-23 20:33:04] -- [INFO ]: [com.steven.shorturldemo.ShorURLConvertorServiceTest] -- Starting ShorURLConvertorServiceTest on C02ZX2C6MD6R with PID 26785 (started by i078076 in /Users/i078076/workspace/shorturldemo)
[2020-10-23 20:33:04] -- [INFO ]: [com.steven.shorturldemo.ShorURLConvertorServiceTest] -- No active profile set, falling back to default profiles: default
[2020-10-23 20:33:05] -- [INFO ]: [com.steven.shorturldemo.ShorURLConvertorServiceTest] -- Started ShorURLConvertorServiceTest in 0.738 seconds (JVM running for 3.408)
[2020-10-23 20:33:11] -- [INFO ]: [com.steven.shorturldemo.ShorturldemoApplication] -- Starting ShorturldemoApplication on C02ZX2C6MD6R with PID 26798 (/Users/i078076/workspace/shorturldemo/build/classes/java/main started by i078076 in /Users/i078076/workspace/shorturldemo)
[2020-10-23 20:33:11] -- [INFO ]: [com.steven.shorturldemo.ShorturldemoApplication] -- No active profile set, falling back to default profiles: default
[2020-10-23 20:33:12] -- [INFO ]: [org.apache.coyote.http11.Http11NioProtocol] -- Initializing ProtocolHandler ["http-nio-8080"]
[2020-10-23 20:33:12] -- [INFO ]: [org.apache.catalina.core.StandardService] -- Starting service [Tomcat]
[2020-10-23 20:33:12] -- [INFO ]: [org.apache.catalina.core.StandardEngine] -- Starting Servlet engine: [Apache Tomcat/9.0.38]
[2020-10-23 20:33:12] -- [INFO ]: [org.apache.catalina.core.ContainerBase.[Tomcat].[localhost].[/]] -- Initializing Spring embedded WebApplicationContext
[2020-10-23 20:33:12] -- [INFO ]: [org.apache.coyote.http11.Http11NioProtocol] -- Starting ProtocolHandler ["http-nio-8080"]
[2020-10-23 20:33:12] -- [INFO ]: [org.apache.coyote.http11.Http11NioProtocol] -- Pausing ProtocolHandler ["http-nio-8080"]
[2020-10-23 20:33:12] -- [INFO ]: [org.apache.catalina.core.StandardService] -- Stopping service [Tomcat]
[2020-10-23 20:33:12] -- [INFO ]: [org.apache.coyote.http11.Http11NioProtocol] -- Stopping ProtocolHandler ["http-nio-8080"]
[2020-10-23 20:33:12] -- [INFO ]: [org.apache.coyote.http11.Http11NioProtocol] -- Destroying ProtocolHandler ["http-nio-8080"]
[2020-10-23 20:33:35] -- [INFO ]: [com.steven.shorturldemo.ShorturldemoApplication] -- Starting ShorturldemoApplication on C02ZX2C6MD6R with PID 26803 (/Users/i078076/workspace/shorturldemo/build/classes/java/main started by i078076 in /Users/i078076/workspace/shorturldemo)
[2020-10-23 20:33:35] -- [INFO ]: [com.steven.shorturldemo.ShorturldemoApplication] -- No active profile set, falling back to default profiles: default
[2020-10-23 20:33:36] -- [INFO ]: [org.apache.coyote.http11.Http11NioProtocol] -- Initializing ProtocolHandler ["http-nio-8080"]
[2020-10-23 20:33:36] -- [INFO ]: [org.apache.catalina.core.StandardService] -- Starting service [Tomcat]
[2020-10-23 20:33:36] -- [INFO ]: [org.apache.catalina.core.StandardEngine] -- Starting Servlet engine: [Apache Tomcat/9.0.38]
[2020-10-23 20:33:36] -- [INFO ]: [org.apache.catalina.core.ContainerBase.[Tomcat].[localhost].[/]] -- Initializing Spring embedded WebApplicationContext
[2020-10-23 20:33:36] -- [INFO ]: [org.apache.coyote.http11.Http11NioProtocol] -- Starting ProtocolHandler ["http-nio-8080"]
[2020-10-23 20:33:36] -- [INFO ]: [com.steven.shorturldemo.ShorturldemoApplication] -- Started ShorturldemoApplication in 1.156 seconds (JVM running for 1.482)
[2020-10-23 20:33:51] -- [INFO ]: [org.apache.catalina.core.ContainerBase.[Tomcat].[localhost].[/]] -- Initializing Spring DispatcherServlet 'dispatcherServlet'
[2020-10-23 20:41:57] -- [INFO ]: [com.steven.shorturldemo.ShorturldemoApplicationTests] -- Starting ShorturldemoApplicationTests on C02ZX2C6MD6R with PID 26869 (started by i078076 in /Users/i078076/workspace/shorturldemo)
[2020-10-23 20:41:57] -- [INFO ]: [com.steven.shorturldemo.ShorturldemoApplicationTests] -- No active profile set, falling back to default profiles: default
[2020-10-23 20:41:58] -- [INFO ]: [com.steven.shorturldemo.ShorturldemoApplicationTests] -- Started ShorturldemoApplicationTests in 2.077 seconds (JVM running for 3.203)
[2020-10-23 20:41:59] -- [INFO ]: [com.steven.shorturldemo.ShorURLConvertorServiceTest] -- Starting ShorURLConvertorServiceTest on C02ZX2C6MD6R with PID 26869 (started by i078076 in /Users/i078076/workspace/shorturldemo)
[2020-10-23 20:41:59] -- [INFO ]: [com.steven.shorturldemo.ShorURLConvertorServiceTest] -- No active profile set, falling back to default profiles: default
[2020-10-23 20:42:00] -- [INFO ]: [com.steven.shorturldemo.ShorURLConvertorServiceTest] -- Started ShorURLConvertorServiceTest in 0.957 seconds (JVM running for 4.438)
[2020-10-23 20:42:06] -- [INFO ]: [com.steven.shorturldemo.ShorturldemoApplication] -- Starting ShorturldemoApplication on C02ZX2C6MD6R with PID 26885 (/Users/i078076/workspace/shorturldemo/build/classes/java/main started by i078076 in /Users/i078076/workspace/shorturldemo)
[2020-10-23 20:42:06] -- [INFO ]: [com.steven.shorturldemo.ShorturldemoApplication] -- No active profile set, falling back to default profiles: default
[2020-10-23 20:42:07] -- [INFO ]: [org.apache.coyote.http11.Http11NioProtocol] -- Initializing ProtocolHandler ["http-nio-8080"]
[2020-10-23 20:42:07] -- [INFO ]: [org.apache.catalina.core.StandardService] -- Starting service [Tomcat]
[2020-10-23 20:42:07] -- [INFO ]: [org.apache.catalina.core.StandardEngine] -- Starting Servlet engine: [Apache Tomcat/9.0.38]
[2020-10-23 20:42:07] -- [INFO ]: [org.apache.catalina.core.ContainerBase.[Tomcat].[localhost].[/]] -- Initializing Spring embedded WebApplicationContext
[2020-10-23 20:42:07] -- [INFO ]: [org.apache.coyote.http11.Http11NioProtocol] -- Starting ProtocolHandler ["http-nio-8080"]
[2020-10-23 20:42:07] -- [INFO ]: [com.steven.shorturldemo.ShorturldemoApplication] -- Started ShorturldemoApplication in 1.217 seconds (JVM running for 1.538)
[2020-10-23 20:42:13] -- [INFO ]: [org.apache.catalina.core.ContainerBase.[Tomcat].[localhost].[/]] -- Initializing Spring DispatcherServlet 'dispatcherServlet'
[2020-10-23 20:47:25] -- [INFO ]: [com.steven.shorturldemo.ShorturldemoApplication] -- Starting ShorturldemoApplication on C02ZX2C6MD6R with PID 26960 (/Users/i078076/workspace/shorturldemo/build/classes/java/main started by i078076 in /Users/i078076/workspace/shorturldemo)
[2020-10-23 20:47:25] -- [INFO ]: [com.steven.shorturldemo.ShorturldemoApplication] -- No active profile set, falling back to default profiles: default
[2020-10-23 20:47:26] -- [INFO ]: [org.apache.coyote.http11.Http11NioProtocol] -- Initializing ProtocolHandler ["http-nio-8080"]
[2020-10-23 20:47:26] -- [INFO ]: [org.apache.catalina.core.StandardService] -- Starting service [Tomcat]
[2020-10-23 20:47:26] -- [INFO ]: [org.apache.catalina.core.StandardEngine] -- Starting Servlet engine: [Apache Tomcat/9.0.38]
[2020-10-23 20:47:26] -- [INFO ]: [org.apache.catalina.core.ContainerBase.[Tomcat].[localhost].[/]] -- Initializing Spring embedded WebApplicationContext
[2020-10-23 20:47:26] -- [INFO ]: [org.apache.coyote.http11.Http11NioProtocol] -- Starting ProtocolHandler ["http-nio-8080"]
[2020-10-23 20:47:26] -- [INFO ]: [com.steven.shorturldemo.ShorturldemoApplication] -- Started ShorturldemoApplication in 1.571 seconds (JVM running for 81.011)
[2020-10-23 20:47:30] -- [INFO ]: [org.apache.catalina.core.ContainerBase.[Tomcat].[localhost].[/]] -- Initializing Spring DispatcherServlet 'dispatcherServlet'
[2020-10-23 20:50:03] -- [INFO ]: [com.steven.shorturldemo.ShorturldemoApplication] -- Starting ShorturldemoApplication on C02ZX2C6MD6R with PID 26999 (/Users/i078076/workspace/shorturldemo/build/classes/java/main started by i078076 in /Users/i078076/workspace/shorturldemo)
[2020-10-23 20:50:03] -- [INFO ]: [com.steven.shorturldemo.ShorturldemoApplication] -- No active profile set, falling back to default profiles: default
[2020-10-23 20:50:03] -- [INFO ]: [org.apache.coyote.http11.Http11NioProtocol] -- Initializing ProtocolHandler ["http-nio-8080"]
[2020-10-23 20:50:03] -- [INFO ]: [org.apache.catalina.core.StandardService] -- Starting service [Tomcat]
[2020-10-23 20:50:03] -- [INFO ]: [org.apache.catalina.core.StandardEngine] -- Starting Servlet engine: [Apache Tomcat/9.0.38]
[2020-10-23 20:50:03] -- [INFO ]: [org.apache.catalina.core.ContainerBase.[Tomcat].[localhost].[/]] -- Initializing Spring embedded WebApplicationContext
[2020-10-23 20:50:04] -- [INFO ]: [org.apache.coyote.http11.Http11NioProtocol] -- Starting ProtocolHandler ["http-nio-8080"]
[2020-10-23 20:50:04] -- [INFO ]: [com.steven.shorturldemo.ShorturldemoApplication] -- Started ShorturldemoApplication in 1.37 seconds (JVM running for 5.68)
[2020-10-23 20:50:09] -- [INFO ]: [org.apache.catalina.core.ContainerBase.[Tomcat].[localhost].[/]] -- Initializing Spring DispatcherServlet 'dispatcherServlet'
[2020-10-23 20:50:32] -- [INFO ]: [com.steven.shorturldemo.ShorturldemoApplicationTests] -- Starting ShorturldemoApplicationTests on C02ZX2C6MD6R with PID 27015 (started by i078076 in /Users/i078076/workspace/shorturldemo)
[2020-10-23 20:50:32] -- [INFO ]: [com.steven.shorturldemo.ShorturldemoApplicationTests] -- No active profile set, falling back to default profiles: default
[2020-10-23 20:50:33] -- [INFO ]: [com.steven.shorturldemo.ShorturldemoApplicationTests] -- Started ShorturldemoApplicationTests in 1.467 seconds (JVM running for 2.436)
[2020-10-23 20:50:33] -- [INFO ]: [com.steven.shorturldemo.ShorURLConvertorServiceTest] -- Starting ShorURLConvertorServiceTest on C02ZX2C6MD6R with PID 27015 (started by i078076 in /Users/i078076/workspace/shorturldemo)
[2020-10-23 20:50:33] -- [INFO ]: [com.steven.shorturldemo.ShorURLConvertorServiceTest] -- No active profile set, falling back to default profiles: default
[2020-10-23 20:50:34] -- [INFO ]: [com.steven.shorturldemo.ShorURLConvertorServiceTest] -- Started ShorURLConvertorServiceTest in 0.711 seconds (JVM running for 3.379)
[2020-10-23 20:50:52] -- [INFO ]: [com.steven.shorturldemo.ShorturldemoApplicationTests] -- Starting ShorturldemoApplicationTests on C02ZX2C6MD6R with PID 27043 (started by i078076 in /Users/i078076/workspace/shorturldemo)
[2020-10-23 20:50:52] -- [INFO ]: [com.steven.shorturldemo.ShorturldemoApplicationTests] -- No active profile set, falling back to default profiles: default
[2020-10-23 20:50:53] -- [INFO ]: [com.steven.shorturldemo.ShorturldemoApplicationTests] -- Started ShorturldemoApplicationTests in 1.587 seconds (JVM running for 2.588)
[2020-10-23 20:50:53] -- [INFO ]: [com.steven.shorturldemo.ShorURLConvertorServiceTest] -- Starting ShorURLConvertorServiceTest on C02ZX2C6MD6R with PID 27043 (started by i078076 in /Users/i078076/workspace/shorturldemo)
[2020-10-23 20:50:53] -- [INFO ]: [com.steven.shorturldemo.ShorURLConvertorServiceTest] -- No active profile set, falling back to default profiles: default
[2020-10-23 20:50:54] -- [INFO ]: [com.steven.shorturldemo.ShorURLConvertorServiceTest] -- Started ShorURLConvertorServiceTest in 0.917 seconds (JVM running for 3.712)
[2020-10-23 20:51:18] -- [INFO ]: [com.steven.shorturldemo.ShorturldemoApplication] -- Starting ShorturldemoApplication on C02ZX2C6MD6R with PID 27032 (/Users/i078076/workspace/shorturldemo/build/classes/java/main started by i078076 in /Users/i078076/workspace/shorturldemo)
[2020-10-23 20:51:18] -- [INFO ]: [com.steven.shorturldemo.ShorturldemoApplication] -- No active profile set, falling back to default profiles: default
[2020-10-23 20:51:19] -- [INFO ]: [org.apache.coyote.http11.Http11NioProtocol] -- Initializing ProtocolHandler ["http-nio-8080"]
[2020-10-23 20:51:19] -- [INFO ]: [org.apache.catalina.core.StandardService] -- Starting service [Tomcat]
[2020-10-23 20:51:19] -- [INFO ]: [org.apache.catalina.core.StandardEngine] -- Starting Servlet engine: [Apache Tomcat/9.0.38]
[2020-10-23 20:51:19] -- [INFO ]: [org.apache.catalina.core.ContainerBase.[Tomcat].[localhost].[/]] -- Initializing Spring embedded WebApplicationContext
[2020-10-23 20:51:19] -- [INFO ]: [org.apache.coyote.http11.Http11NioProtocol] -- Starting ProtocolHandler ["http-nio-8080"]
[2020-10-23 20:51:19] -- [INFO ]: [com.steven.shorturldemo.ShorturldemoApplication] -- Started ShorturldemoApplication in 1.332 seconds (JVM running for 39.59)
[2020-10-23 20:51:21] -- [INFO ]: [org.apache.catalina.core.ContainerBase.[Tomcat].[localhost].[/]] -- Initializing Spring DispatcherServlet 'dispatcherServlet'
[2020-10-23 20:53:55] -- [INFO ]: [com.steven.shorturldemo.ShorturldemoApplicationTests] -- Starting ShorturldemoApplicationTests on C02ZX2C6MD6R with PID 27082 (started by i078076 in /Users/i078076/workspace/shorturldemo)
[2020-10-23 20:53:55] -- [INFO ]: [com.steven.shorturldemo.ShorturldemoApplicationTests] -- No active profile set, falling back to default profiles: default
[2020-10-23 20:53:56] -- [INFO ]: [com.steven.shorturldemo.ShorturldemoApplicationTests] -- Started ShorturldemoApplicationTests in 1.468 seconds (JVM running for 2.447)
[2020-10-23 20:53:57] -- [INFO ]: [com.steven.shorturldemo.ShorURLConvertorServiceTest] -- Starting ShorURLConvertorServiceTest on C02ZX2C6MD6R with PID 27082 (started by i078076 in /Users/i078076/workspace/shorturldemo)
[2020-10-23 20:53:57] -- [INFO ]: [com.steven.shorturldemo.ShorURLConvertorServiceTest] -- No active profile set, falling back to default profiles: default
[2020-10-23 20:53:57] -- [INFO ]: [com.steven.shorturldemo.ShorURLConvertorServiceTest] -- Started ShorURLConvertorServiceTest in 0.673 seconds (JVM running for 3.369)
[2020-10-23 20:54:09] -- [INFO ]: [com.steven.shorturldemo.ShorturldemoApplication] -- Starting ShorturldemoApplication on C02ZX2C6MD6R with PID 27097 (/Users/i078076/workspace/shorturldemo/build/classes/java/main started by i078076 in /Users/i078076/workspace/shorturldemo)
[2020-10-23 20:54:09] -- [INFO ]: [com.steven.shorturldemo.ShorturldemoApplication] -- No active profile set, falling back to default profiles: default
[2020-10-23 20:54:09] -- [INFO ]: [org.apache.coyote.http11.Http11NioProtocol] -- Initializing ProtocolHandler ["http-nio-8080"]
[2020-10-23 20:54:09] -- [INFO ]: [org.apache.catalina.core.StandardService] -- Starting service [Tomcat]
[2020-10-23 20:54:09] -- [INFO ]: [org.apache.catalina.core.StandardEngine] -- Starting Servlet engine: [Apache Tomcat/9.0.38]
[2020-10-23 20:54:10] -- [INFO ]: [org.apache.catalina.core.ContainerBase.[Tomcat].[localhost].[/]] -- Initializing Spring embedded WebApplicationContext
[2020-10-23 20:54:10] -- [INFO ]: [org.apache.coyote.http11.Http11NioProtocol] -- Starting ProtocolHandler ["http-nio-8080"]
[2020-10-23 20:54:10] -- [INFO ]: [com.steven.shorturldemo.ShorturldemoApplication] -- Started ShorturldemoApplication in 1.329 seconds (JVM running for 8.124)
[2020-10-23 20:54:15] -- [INFO ]: [org.apache.catalina.core.ContainerBase.[Tomcat].[localhost].[/]] -- Initializing Spring DispatcherServlet 'dispatcherServlet'
[2020-10-23 20:55:11] -- [INFO ]: [com.steven.shorturldemo.ShorturldemoApplicationTests] -- Starting ShorturldemoApplicationTests on C02ZX2C6MD6R with PID 27112 (started by i078076 in /Users/i078076/workspace/shorturldemo)
[2020-10-23 20:55:11] -- [INFO ]: [com.steven.shorturldemo.ShorturldemoApplicationTests] -- No active profile set, falling back to default profiles: default
[2020-10-23 20:55:12] -- [INFO ]: [com.steven.shorturldemo.ShorturldemoApplicationTests] -- Started ShorturldemoApplicationTests in 1.472 seconds (JVM running for 2.492)
[2020-10-23 20:55:12] -- [INFO ]: [com.steven.shorturldemo.ShorURLConvertorServiceTest] -- Starting ShorURLConvertorServiceTest on C02ZX2C6MD6R with PID 27112 (started by i078076 in /Users/i078076/workspace/shorturldemo)
[2020-10-23 20:55:12] -- [INFO ]: [com.steven.shorturldemo.ShorURLConvertorServiceTest] -- No active profile set, falling back to default profiles: default
[2020-10-23 20:55:13] -- [INFO ]: [com.steven.shorturldemo.ShorURLConvertorServiceTest] -- Started ShorURLConvertorServiceTest in 0.878 seconds (JVM running for 3.595)
[2020-10-23 20:55:17] -- [INFO ]: [com.steven.shorturldemo.ShorturldemoApplication] -- Starting ShorturldemoApplication on C02ZX2C6MD6R with PID 27118 (/Users/i078076/workspace/shorturldemo/build/classes/java/main started by i078076 in /Users/i078076/workspace/shorturldemo)
[2020-10-23 20:55:17] -- [INFO ]: [com.steven.shorturldemo.ShorturldemoApplication] -- No active profile set, falling back to default profiles: default
[2020-10-23 20:55:18] -- [INFO ]: [org.apache.coyote.http11.Http11NioProtocol] -- Initializing ProtocolHandler ["http-nio-8080"]
[2020-10-23 20:55:18] -- [INFO ]: [org.apache.catalina.core.StandardService] -- Starting service [Tomcat]
[2020-10-23 20:55:18] -- [INFO ]: [org.apache.catalina.core.StandardEngine] -- Starting Servlet engine: [Apache Tomcat/9.0.38]
[2020-10-23 20:55:18] -- [INFO ]: [org.apache.catalina.core.ContainerBase.[Tomcat].[localhost].[/]] -- Initializing Spring embedded WebApplicationContext
[2020-10-23 20:55:18] -- [INFO ]: [org.apache.coyote.http11.Http11NioProtocol] -- Starting ProtocolHandler ["http-nio-8080"]
[2020-10-23 20:55:18] -- [INFO ]: [com.steven.shorturldemo.ShorturldemoApplication] -- Started ShorturldemoApplication in 1.258 seconds (JVM running for 1.577)
[2020-10-23 20:55:21] -- [INFO ]: [org.apache.catalina.core.ContainerBase.[Tomcat].[localhost].[/]] -- Initializing Spring DispatcherServlet 'dispatcherServlet'
[2020-10-23 20:56:22] -- [INFO ]: [com.steven.shorturldemo.ShorturldemoApplicationTests] -- Starting ShorturldemoApplicationTests on C02ZX2C6MD6R with PID 27135 (started by i078076 in /Users/i078076/workspace/shorturldemo)
[2020-10-23 20:56:22] -- [INFO ]: [com.steven.shorturldemo.ShorturldemoApplicationTests] -- No active profile set, falling back to default profiles: default
[2020-10-23 20:56:24] -- [INFO ]: [com.steven.shorturldemo.ShorturldemoApplicationTests] -- Started ShorturldemoApplicationTests in 1.457 seconds (JVM running for 2.441)
[2020-10-23 20:56:24] -- [INFO ]: [com.steven.shorturldemo.ShorURLConvertorServiceTest] -- Starting ShorURLConvertorServiceTest on C02ZX2C6MD6R with PID 27135 (started by i078076 in /Users/i078076/workspace/shorturldemo)
[2020-10-23 20:56:24] -- [INFO ]: [com.steven.shorturldemo.ShorURLConvertorServiceTest] -- No active profile set, falling back to default profiles: default
[2020-10-23 20:56:24] -- [INFO ]: [com.steven.shorturldemo.ShorURLConvertorServiceTest] -- Started ShorURLConvertorServiceTest in 0.683 seconds (JVM running for 3.319)
[2020-10-23 20:57:13] -- [INFO ]: [com.steven.shorturldemo.ShorturldemoApplication] -- Starting ShorturldemoApplication on C02ZX2C6MD6R with PID 27157 (/Users/i078076/workspace/shorturldemo/build/classes/java/main started by i078076 in /Users/i078076/workspace/shorturldemo)
[2020-10-23 20:57:14] -- [INFO ]: [com.steven.shorturldemo.ShorturldemoApplication] -- No active profile set, falling back to default profiles: default
[2020-10-23 20:57:14] -- [INFO ]: [org.apache.coyote.http11.Http11NioProtocol] -- Initializing ProtocolHandler ["http-nio-8080"]
[2020-10-23 20:57:14] -- [INFO ]: [org.apache.catalina.core.StandardService] -- Starting service [Tomcat]
[2020-10-23 20:57:14] -- [INFO ]: [org.apache.catalina.core.StandardEngine] -- Starting Servlet engine: [Apache Tomcat/9.0.38]
[2020-10-23 20:57:14] -- [INFO ]: [org.apache.catalina.core.ContainerBase.[Tomcat].[localhost].[/]] -- Initializing Spring embedded WebApplicationContext
[2020-10-23 20:57:15] -- [INFO ]: [org.apache.coyote.http11.Http11NioProtocol] -- Starting ProtocolHandler ["http-nio-8080"]
[2020-10-23 20:57:15] -- [INFO ]: [com.steven.shorturldemo.ShorturldemoApplication] -- Started ShorturldemoApplication in 1.396 seconds (JVM running for 8.287)
[2020-10-23 20:57:17] -- [INFO ]: [org.apache.catalina.core.ContainerBase.[Tomcat].[localhost].[/]] -- Initializing Spring DispatcherServlet 'dispatcherServlet'
